[0m14:17:34.015617 [debug] [MainThread]: Sending event: {'category': 'dbt', 'action': 'invocation', 'label': 'start', 'context': [<snowplow_tracker.self_describing_json.SelfDescribingJson object at 0x000001A258EB73E0>, <snowplow_tracker.self_describing_json.SelfDescribingJson object at 0x000001A2594F6D20>, <snowplow_tracker.self_describing_json.SelfDescribingJson object at 0x000001A2594F6BA0>]}


============================== 14:17:34.025128 | a58a1d55-2f75-4aef-b623-c7b05ffcf8a0 ==============================
[0m14:17:34.025128 [info ] [MainThread]: Running with dbt=1.11.6
[0m14:17:34.026130 [debug] [MainThread]: running dbt with arguments {'static_parser': 'True', 'no_print': 'None', 'version_check': 'True', 'target_path': 'None', 'warn_error_options': 'WarnErrorOptionsV2(error=[], warn=[], silence=[])', 'printer_width': '80', 'write_json': 'True', 'introspect': 'True', 'log_cache_events': 'False', 'empty': 'None', 'cache_selected_only': 'False', 'fail_fast': 'False', 'debug': 'False', 'log_format': 'default', 'profiles_dir': 'C:\\Users\\varun\\.dbt', 'send_anonymous_usage_stats': 'True', 'quiet': 'False', 'warn_error': 'None', 'partial_parse': 'True', 'invocation_command': 'dbt init dbt_project', 'use_colors': 'True', 'indirect_selection': 'eager', 'use_experimental_parser': 'False', 'log_path': 'logs'}
[0m14:17:34.092604 [info ] [MainThread]: Creating dbt configuration folder at C:\Users\varun\.dbt
[0m14:17:34.097088 [debug] [MainThread]: Starter project path: C:\Users\varun\anaconda3\Lib\site-packages\dbt\include\starter_project
[0m14:17:34.152758 [info ] [MainThread]: 
Your new dbt project "dbt_project" was created!

For more information on how to configure the profiles.yml file,
please consult the dbt documentation here:

  https://docs.getdbt.com/docs/configure-your-profile

One more thing:

Need help? Don't hesitate to reach out to us via GitHub issues or on Slack:

  https://community.getdbt.com/

Happy modeling!

[0m14:17:34.154355 [info ] [MainThread]: Setting up your profile.
[0m14:17:43.485563 [debug] [MainThread]: Spark adapter: Setting pyhive.hive logging to ERROR
[0m14:17:43.486886 [debug] [MainThread]: Spark adapter: Setting thrift.transport logging to ERROR
[0m14:17:43.487921 [debug] [MainThread]: Spark adapter: Setting thrift.protocol logging to ERROR
[0m14:18:50.053551 [error] [MainThread]: Encountered an error:

[0m14:18:50.061487 [error] [MainThread]: Traceback (most recent call last):
  File "C:\Users\varun\anaconda3\Lib\site-packages\dbt\cli\requires.py", line 182, in wrapper
    result, success = func(*args, **kwargs)
                      ^^^^^^^^^^^^^^^^^^^^^
  File "C:\Users\varun\anaconda3\Lib\site-packages\dbt\cli\requires.py", line 128, in wrapper
    return func(*args, **kwargs)
           ^^^^^^^^^^^^^^^^^^^^^
  File "C:\Users\varun\anaconda3\Lib\site-packages\dbt\cli\main.py", line 483, in init
    results = task.run()
              ^^^^^^^^^^
  File "C:\Users\varun\anaconda3\Lib\site-packages\dbt\task\init.py", line 346, in run
    self.setup_profile(profile_name)
  File "C:\Users\varun\anaconda3\Lib\site-packages\dbt\task\init.py", line 262, in setup_profile
    self.create_profile_from_target(adapter, profile_name=profile_name)
  File "C:\Users\varun\anaconda3\Lib\site-packages\dbt\task\init.py", line 179, in create_profile_from_target
    self.create_profile_from_profile_template(profile_template, profile_name)
  File "C:\Users\varun\anaconda3\Lib\site-packages\dbt\task\init.py", line 163, in create_profile_from_profile_template
    target = self.generate_target_from_input(prompts, initial_target)
             ^^^^^^^^^^^^^^^^^^^^^^^^^^^^^^^^^^^^^^^^^^^^^^^^^^^^^^^^
  File "C:\Users\varun\anaconda3\Lib\site-packages\dbt\task\init.py", line 113, in generate_target_from_input
    numeric_choice = click.prompt(prompt_msg, type=click.INT)
                     ^^^^^^^^^^^^^^^^^^^^^^^^^^^^^^^^^^^^^^^^
  File "C:\Users\varun\anaconda3\Lib\site-packages\click\termui.py", line 171, in prompt
    value = prompt_func(prompt)
            ^^^^^^^^^^^^^^^^^^^
  File "C:\Users\varun\anaconda3\Lib\site-packages\click\termui.py", line 154, in prompt_func
    raise Abort() from None
click.exceptions.Abort

[0m14:18:50.063498 [debug] [MainThread]: Command `dbt init` failed at 14:18:50.063498 after 76.32 seconds
[0m14:18:50.065454 [debug] [MainThread]: Sending event: {'category': 'dbt', 'action': 'invocation', 'label': 'end', 'context': [<snowplow_tracker.self_describing_json.SelfDescribingJson object at 0x000001A2563A7F20>, <snowplow_tracker.self_describing_json.SelfDescribingJson object at 0x000001A25DEB6870>, <snowplow_tracker.self_describing_json.SelfDescribingJson object at 0x000001A25EDCE4B0>]}
[0m14:18:50.065964 [debug] [MainThread]: Flushing usage events
[0m14:18:50.220758 [debug] [MainThread]: An error was encountered while trying to flush usage events
